<?xml version="1.0" encoding="UTF-8"?>
<testng-results ignored="0" total="1" passed="1" failed="0" skipped="0">
  <reporter-output>
  </reporter-output>
  <suite started-at="2022-09-20T18:54:46 IST" name="Suite" finished-at="2022-09-20T18:55:01 IST" duration-ms="14819">
    <groups>
    </groups>
    <test started-at="2022-09-20T18:54:46 IST" name="Test" finished-at="2022-09-20T18:55:01 IST" duration-ms="14819">
      <class name="TestngTestScriptNop.NOPLoginTest">
        <test-method is-config="true" signature="LaunchBrowser()[pri:0, instance:TestngTestScriptNop.NOPLoginTest@3d74bf60]" started-at="2022-09-20T18:54:46 IST" name="LaunchBrowser" finished-at="2022-09-20T18:54:50 IST" duration-ms="4126" status="PASS">
          <reporter-output>
          </reporter-output>
        </test-method> <!-- LaunchBrowser -->
        <test-method is-config="true" signature="LoginNopECommerce()[pri:0, instance:TestngTestScriptNop.NOPLoginTest@3d74bf60]" started-at="2022-09-20T18:54:50 IST" name="LoginNopECommerce" finished-at="2022-09-20T18:54:54 IST" duration-ms="3717" status="PASS">
          <reporter-output>
          </reporter-output>
        </test-method> <!-- LoginNopECommerce -->
        <test-method signature="VerifyTitle()[pri:0, instance:TestngTestScriptNop.NOPLoginTest@3d74bf60]" started-at="2022-09-20T18:54:54 IST" name="VerifyTitle" finished-at="2022-09-20T18:55:01 IST" duration-ms="6882" status="PASS">
          <reporter-output>
          </reporter-output>
        </test-method> <!-- VerifyTitle -->
        <test-method is-config="true" signature="LogoutNopECommerce()[pri:0, instance:TestngTestScriptNop.NOPLoginTest@3d74bf60]" started-at="2022-09-20T18:55:01 IST" name="LogoutNopECommerce" finished-at="2022-09-20T18:55:01 IST" duration-ms="0" status="PASS">
          <reporter-output>
          </reporter-output>
        </test-method> <!-- LogoutNopECommerce -->
        <test-method is-config="true" signature="CloseBrowser()[pri:0, instance:TestngTestScriptNop.NOPLoginTest@3d74bf60]" started-at="2022-09-20T18:55:01 IST" name="CloseBrowser" finished-at="2022-09-20T18:55:01 IST" duration-ms="63" status="PASS">
          <reporter-output>
          </reporter-output>
        </test-method> <!-- CloseBrowser -->
      </class> <!-- TestngTestScriptNop.NOPLoginTest -->
    </test> <!-- Test -->
  </suite> <!-- Suite -->
</testng-results>
