<?xml version="1.0" encoding="UTF-8"?>
<testng-results ignored="0" total="1" passed="1" failed="0" skipped="0">
  <reporter-output>
  </reporter-output>
  <suite started-at="2022-09-08T17:29:44 IST" name="Suite" finished-at="2022-09-08T17:29:44 IST" duration-ms="36">
    <groups>
    </groups>
    <test started-at="2022-09-08T17:29:44 IST" name="Test" finished-at="2022-09-08T17:29:44 IST" duration-ms="36">
      <class name="testngProgms.Test1">
        <test-method signature="M1()[pri:0, instance:testngProgms.Test1@69b2283a]" started-at="2022-09-08T17:29:44 IST" name="M1" finished-at="2022-09-08T17:29:44 IST" duration-ms="7" status="PASS">
          <reporter-output>
          </reporter-output>
        </test-method> <!-- M1 -->
      </class> <!-- testngProgms.Test1 -->
    </test> <!-- Test -->
  </suite> <!-- Suite -->
</testng-results>
