<?xml version="1.0" encoding="UTF-8"?>
<testng-results ignored="0" total="3" passed="3" failed="0" skipped="0">
  <reporter-output>
  </reporter-output>
  <suite started-at="2022-09-20T18:26:40 IST" name="Default suite" finished-at="2022-09-20T18:27:26 IST" duration-ms="46119">
    <groups>
    </groups>
    <test started-at="2022-09-20T18:26:40 IST" name="Default test" finished-at="2022-09-20T18:27:26 IST" duration-ms="46119">
      <class name="testngProgms.Test8">
        <test-method signature="actitime(java.lang.String,java.lang.String,java.lang.String)[pri:0, instance:testngProgms.Test8@3e2e18f2]" started-at="2022-09-20T18:26:43 IST" name="actitime" data-provider="dataProvider" finished-at="2022-09-20T18:26:55 IST" duration-ms="12159" status="PASS">
          <params>
            <param index="0">
              <value>
                <![CDATA[moparinag.b@gmail.com]]>
              </value>
            </param>
            <param index="1">
              <value>
                <![CDATA[mkvcv]]>
              </value>
            </param>
            <param index="2">
              <value>
                <![CDATA[actiTIME - Licenses]]>
              </value>
            </param>
          </params>
          <reporter-output>
          </reporter-output>
        </test-method> <!-- actitime -->
        <test-method signature="actitime(java.lang.String,java.lang.String,java.lang.String)[pri:0, instance:testngProgms.Test8@3e2e18f2]" started-at="2022-09-20T18:26:55 IST" name="actitime" data-provider="dataProvider" finished-at="2022-09-20T18:27:09 IST" duration-ms="13345" status="PASS">
          <params>
            <param index="0">
              <value>
                <![CDATA[moparinag.b@gmail.com]]>
              </value>
            </param>
            <param index="1">
              <value>
                <![CDATA[mona@2022]]>
              </value>
            </param>
            <param index="2">
              <value>
                <![CDATA[actiTIME - Licenses]]>
              </value>
            </param>
          </params>
          <reporter-output>
          </reporter-output>
        </test-method> <!-- actitime -->
        <test-method signature="actitime(java.lang.String,java.lang.String,java.lang.String)[pri:0, instance:testngProgms.Test8@3e2e18f2]" started-at="2022-09-20T18:27:09 IST" name="actitime" data-provider="dataProvider" finished-at="2022-09-20T18:27:26 IST" duration-ms="17783" status="PASS">
          <params>
            <param index="0">
              <value>
                <![CDATA[teha@gmail.com]]>
              </value>
            </param>
            <param index="1">
              <value>
                <![CDATA[mona@2022]]>
              </value>
            </param>
            <param index="2">
              <value>
                <![CDATA[actiTIME - Licenses]]>
              </value>
            </param>
          </params>
          <reporter-output>
          </reporter-output>
        </test-method> <!-- actitime -->
      </class> <!-- testngProgms.Test8 -->
    </test> <!-- Default test -->
  </suite> <!-- Default suite -->
</testng-results>
