<?xml version="1.0" encoding="UTF-8"?>
<!-- Generated by org.testng.reporters.JUnitXMLReporter -->
<testsuite ignored="0" hostname="DESKTOP-D1VETR9" failures="0" tests="3" name="Default test" time="46.119" errors="0" timestamp="2022-09-20T18:27:26 IST">
  <testcase classname="testngProgms.Test8" name="actitime" time="12.159"/>
  <testcase classname="testngProgms.Test8" name="actitime" time="13.345"/>
  <testcase classname="testngProgms.Test8" name="actitime" time="17.783"/>
</testsuite> <!-- Default test -->
