<?xml version="1.0" encoding="UTF-8"?>
<!-- Generated by org.testng.reporters.JUnitXMLReporter -->
<testsuite ignored="0" hostname="DESKTOP-D1VETR9" failures="0" tests="3" name="Default test" time="49.876" errors="0" timestamp="2022-09-14T14:13:56 IST">
  <testcase classname="testngProgms.Test8" name="actitime" time="14.676"/>
  <testcase classname="testngProgms.Test8" name="actitime" time="16.383"/>
  <testcase classname="testngProgms.Test8" name="actitime" time="16.953"/>
</testsuite> <!-- Default test -->
